2026-02-01 22:47:02,489 - INFO - Starting training pipeline
2026-02-01 22:47:02,490 - INFO - Using device: cuda
2026-02-01 22:47:02,492 - INFO - Loading and splitting dataset
2026-02-01 22:47:02,493 - INFO - Starting preprocessing pipeline
2026-02-01 22:47:02,493 - INFO - Loading raw datasets
2026-02-01 22:47:04,087 - INFO - Combined dataset size: 44898
2026-02-01 22:47:04,088 - INFO - Cleaning text data
2026-02-01 22:47:12,222 - INFO - Splitting dataset into train/val/test
2026-02-01 22:47:19,684 - INFO - Preprocessing completed successfully
2026-02-01 22:47:19,684 - INFO - Train size: 31428
2026-02-01 22:47:19,684 - INFO - Validation size: 6735
2026-02-01 22:47:19,684 - INFO - Test size: 6735
2026-02-01 22:47:19,687 - INFO - Train class distribution:
2026-02-01 22:47:19,688 - INFO - {0: 16437, 1: 14991}
2026-02-01 22:47:19,711 - INFO - Dataset sizes — Train: 31428, Val: 6735, Test: 6735
2026-02-01 22:47:19,711 - INFO - Loading tokenizer: distilbert-base-uncased
2026-02-01 22:47:19,875 - INFO - HTTP Request: HEAD https://huggingface.co/distilbert-base-uncased/resolve/main/tokenizer_config.json "HTTP/1.1 200 OK"
2026-02-01 22:47:19,960 - INFO - HTTP Request: GET https://huggingface.co/api/models/distilbert-base-uncased/tree/main/additional_chat_templates?recursive=false&expand=false "HTTP/1.1 307 Temporary Redirect"
2026-02-01 22:47:20,048 - INFO - HTTP Request: GET https://huggingface.co/api/models/distilbert/distilbert-base-uncased/tree/main/additional_chat_templates?recursive=false&expand=false "HTTP/1.1 404 Not Found"
2026-02-01 22:47:20,136 - INFO - HTTP Request: GET https://huggingface.co/api/models/distilbert-base-uncased/tree/main?recursive=true&expand=false "HTTP/1.1 307 Temporary Redirect"
2026-02-01 22:47:20,223 - INFO - HTTP Request: GET https://huggingface.co/api/models/distilbert/distilbert-base-uncased/tree/main?recursive=true&expand=false "HTTP/1.1 200 OK"
2026-02-01 22:47:20,303 - INFO - Initializing model: distilbert-base-uncased | num_classes=2
2026-02-01 22:47:20,390 - INFO - HTTP Request: HEAD https://huggingface.co/distilbert-base-uncased/resolve/main/config.json "HTTP/1.1 200 OK"
2026-02-01 22:47:20,477 - INFO - HTTP Request: HEAD https://huggingface.co/distilbert-base-uncased/resolve/main/config.json "HTTP/1.1 200 OK"
2026-02-01 22:47:20,564 - INFO - HTTP Request: HEAD https://huggingface.co/distilbert-base-uncased/resolve/main/model.safetensors "HTTP/1.1 302 Found"
2026-02-01 22:47:20,967 - INFO - Epoch 1/3 started
2026-02-01 23:12:49,813 - INFO - Epoch 1 | Train Loss: 0.0132 | Val Loss: 0.0001 | Val Acc: 1.0000
2026-02-01 23:12:49,814 - INFO - Epoch 2/3 started
2026-02-01 23:38:22,187 - INFO - Epoch 2 | Train Loss: 0.0016 | Val Loss: 0.0004 | Val Acc: 0.9999
2026-02-01 23:38:22,188 - INFO - Epoch 3/3 started
2026-02-02 00:03:54,364 - INFO - Epoch 3 | Train Loss: 0.0004 | Val Loss: 0.0000 | Val Acc: 1.0000
2026-02-02 00:03:57,280 - INFO - Model saved to /content/drive/MyDrive/capstone3/model/model.pt
2026-02-02 00:03:57,280 - INFO - Training completed successfully